<?xml version="1.0" encoding="UTF-8"?>
<!-- Generated by org.testng.reporters.JUnitXMLReporter -->
<testsuite ignored="3" hostname="BEAST" failures="0" tests="5" name="Car Loan" time="0.047" errors="0" timestamp="2024-11-11T11:20:40 IST">
  <testcase classname="tests.Day3" name="mobileLoginCarLoan" time="0.005"/>
  <testcase classname="tests.Day3" name="mobileSignOutCarLoan" time="0.003"/>
  <testcase classname="tests.Day3" name="mobileSignOutCarLoan" time="0.001"/>
  <testcase classname="tests.Day3" name="mobileSignOutCarLoan" time="0.001"/>
  <testcase classname="tests.Day3" name="webLoginCarLoan" time="0.001"/>
  <testcase classname="tests.Day2" name="ploan" time="0.0">
    <ignored/>
  </testcase> <!-- ploan -->
  <testcase classname="tests.Day3" name="APICarLoan" time="0.0">
    <ignored/>
  </testcase> <!-- APICarLoan -->
  <testcase classname="tests.Day3" name="mobileSignInCarLoan" time="0.0">
    <ignored/>
  </testcase> <!-- mobileSignInCarLoan -->
</testsuite> <!-- Car Loan -->
