<?xml version="1.0" encoding="UTF-8"?>
<!-- Generated by org.testng.reporters.JUnitXMLReporter -->
<testsuite ignored="8" hostname="BEAST" failures="0" tests="4" name="Regression" time="0.102" errors="0" timestamp="2024-11-06T20:09:06 IST">
  <testcase classname="tests.Day1" name="thirdTest" time="0.02"/>
  <testcase classname="tests.Day2" name="ploan" time="0.004"/>
  <testcase classname="tests.Day3" name="mobileSignInCarLoan" time="0.002"/>
  <testcase classname="tests.Day4" name="webLoginHomeLoan" time="0.002"/>
  <testcase classname="tests.Day3" name="mobileSignOutCarLoan" time="0.0">
    <ignored/>
  </testcase> <!-- mobileSignOutCarLoan -->
  <testcase classname="tests.Day3" name="webLoginCarLoan" time="0.0">
    <ignored/>
  </testcase> <!-- webLoginCarLoan -->
  <testcase classname="tests.Day3" name="loginAPICarLoan" time="0.0">
    <ignored/>
  </testcase> <!-- loginAPICarLoan -->
  <testcase classname="tests.Day1" name="Demo" time="0.0">
    <ignored/>
  </testcase> <!-- Demo -->
  <testcase classname="tests.Day1" name="secondTest" time="0.0">
    <ignored/>
  </testcase> <!-- secondTest -->
  <testcase classname="tests.Day4" name="mobileLoginHomeLoan" time="0.0">
    <ignored/>
  </testcase> <!-- mobileLoginHomeLoan -->
  <testcase classname="tests.Day3" name="mobileLoginCarLoan" time="0.0">
    <ignored/>
  </testcase> <!-- mobileLoginCarLoan -->
  <testcase classname="tests.Day4" name="loginAPIHomeLoan" time="0.0">
    <ignored/>
  </testcase> <!-- loginAPIHomeLoan -->
</testsuite> <!-- Regression -->
